<?xml version="1.0" encoding="UTF-8"?>
<!-- Generated by org.testng.reporters.JUnitReportReporter -->
<testsuite hostname="DESKTOP-5B35QQB" failures="0" tests="3" name="SeleniumTest" time="18.373" errors="0" timestamp="2022-03-04T09:45:52 PST" skipped="0">
  <testcase classname="SeleniumTest" name="secondUrlTest" time="6.109"/>
  <system-out/>
  <testcase classname="SeleniumTest" name="firstUrlTest" time="7.060"/>
  <system-out/>
  <testcase classname="SeleniumTest" name="thirdUrlTest" time="5.204"/>
  <system-out/>
</testsuite> <!-- SeleniumTest -->
